Already up to date.
make: Entering directory `/home/videssa/bart/tmiv.m54152-OccupancyCoding/build.clang'
make[1]: Entering directory `/home/videssa/bart/tmiv.m54152-OccupancyCoding/build.clang'
make[2]: Entering directory `/home/videssa/bart/tmiv.m54152-OccupancyCoding/build.clang'
make[2]: Entering directory `/home/videssa/bart/tmiv.m54152-OccupancyCoding/build.clang'
make[2]: Leaving directory `/home/videssa/bart/tmiv.m54152-OccupancyCoding/build.clang'
make[2]: Leaving directory `/home/videssa/bart/tmiv.m54152-OccupancyCoding/build.clang'
[  1%] Built target libmd5
[  5%] Built target CommonLib
make[2]: Entering directory `/home/videssa/bart/tmiv.m54152-OccupancyCoding/build.clang'
make[2]: Entering directory `/home/videssa/bart/tmiv.m54152-OccupancyCoding/build.clang'
make[2]: Entering directory `/home/videssa/bart/tmiv.m54152-OccupancyCoding/build.clang'
make[2]: Leaving directory `/home/videssa/bart/tmiv.m54152-OccupancyCoding/build.clang'
make[2]: Leaving directory `/home/videssa/bart/tmiv.m54152-OccupancyCoding/build.clang'
make[2]: Entering directory `/home/videssa/bart/tmiv.m54152-OccupancyCoding/build.clang'
[  5%] Built target AggregatorLib
make[2]: Leaving directory `/home/videssa/bart/tmiv.m54152-OccupancyCoding/build.clang'
[ 25%] Built target TLibCommon
make[2]: Entering directory `/home/videssa/bart/tmiv.m54152-OccupancyCoding/build.clang'
make[2]: Entering directory `/home/videssa/bart/tmiv.m54152-OccupancyCoding/build.clang'
[ 30%] Built target MivBitstreamLib
make[2]: Entering directory `/home/videssa/bart/tmiv.m54152-OccupancyCoding/build.clang'
make[2]: Entering directory `/home/videssa/bart/tmiv.m54152-OccupancyCoding/build.clang'
make[2]: Entering directory `/home/videssa/bart/tmiv.m54152-OccupancyCoding/build.clang'
make[2]: Entering directory `/home/videssa/bart/tmiv.m54152-OccupancyCoding/build.clang'
make[2]: Entering directory `/home/videssa/bart/tmiv.m54152-OccupancyCoding/build.clang'
make[2]: Entering directory `/home/videssa/bart/tmiv.m54152-OccupancyCoding/build.clang'
make[2]: Entering directory `/home/videssa/bart/tmiv.m54152-OccupancyCoding/build.clang'
make[2]: Leaving directory `/home/videssa/bart/tmiv.m54152-OccupancyCoding/build.clang'
make[2]: Leaving directory `/home/videssa/bart/tmiv.m54152-OccupancyCoding/build.clang'
make[2]: Leaving directory `/home/videssa/bart/tmiv.m54152-OccupancyCoding/build.clang'
make[2]: Leaving directory `/home/videssa/bart/tmiv.m54152-OccupancyCoding/build.clang'
Scanning dependencies of target CommonTest
make[2]: Leaving directory `/home/videssa/bart/tmiv.m54152-OccupancyCoding/build.clang'
make[2]: Leaving directory `/home/videssa/bart/tmiv.m54152-OccupancyCoding/build.clang'
make[2]: Leaving directory `/home/videssa/bart/tmiv.m54152-OccupancyCoding/build.clang'
make[2]: Entering directory `/home/videssa/bart/tmiv.m54152-OccupancyCoding/build.clang'
make[2]: Leaving directory `/home/videssa/bart/tmiv.m54152-OccupancyCoding/build.clang'
make[2]: Leaving directory `/home/videssa/bart/tmiv.m54152-OccupancyCoding/build.clang'
[ 32%] Built target TLibVideoIO
[ 32%] Built target TAppCommon
make[2]: Leaving directory `/home/videssa/bart/tmiv.m54152-OccupancyCoding/build.clang'
[ 34%] Built target BitrateReport
[ 40%] Built target ViewingSpaceLib
[ 40%] Built target Parser
[ 40%] Built target PackerLib
[ 40%] Built target GeometryQuantizerLib
make[2]: Entering directory `/home/videssa/bart/tmiv.m54152-OccupancyCoding/build.clang'
make[2]: Entering directory `/home/videssa/bart/tmiv.m54152-OccupancyCoding/build.clang'
[ 53%] Building CXX object Common/CMakeFiles/CommonTest.dir/src/Quaternion.test.cpp.o
[ 55%] Building CXX object Common/CMakeFiles/CommonTest.dir/src/Common.test.cpp.o
[ 55%] Building CXX object Common/CMakeFiles/CommonTest.dir/src/Bitstream.test.cpp.o
[ 55%] Built target TLibDecoder
make[2]: Entering directory `/home/videssa/bart/tmiv.m54152-OccupancyCoding/build.clang'
[ 58%] Built target TLibEncoder
make[2]: Entering directory `/home/videssa/bart/tmiv.m54152-OccupancyCoding/build.clang'
make[2]: Entering directory `/home/videssa/bart/tmiv.m54152-OccupancyCoding/build.clang'
make[2]: Entering directory `/home/videssa/bart/tmiv.m54152-OccupancyCoding/build.clang'
make[2]: Leaving directory `/home/videssa/bart/tmiv.m54152-OccupancyCoding/build.clang'
make[2]: Leaving directory `/home/videssa/bart/tmiv.m54152-OccupancyCoding/build.clang'
make[2]: Leaving directory `/home/videssa/bart/tmiv.m54152-OccupancyCoding/build.clang'
Scanning dependencies of target MivBitstreamTest
Scanning dependencies of target ViewingSpaceTest
make[2]: Leaving directory `/home/videssa/bart/tmiv.m54152-OccupancyCoding/build.clang'
make[2]: Leaving directory `/home/videssa/bart/tmiv.m54152-OccupancyCoding/build.clang'
Scanning dependencies of target GeometryQuantizerTest
make[2]: Leaving directory `/home/videssa/bart/tmiv.m54152-OccupancyCoding/build.clang'
[ 62%] Built target TAppDecoder
[ 62%] Built target VideoDecoderLib
[ 64%] Built target TAppEncoder
make[2]: Entering directory `/home/videssa/bart/tmiv.m54152-OccupancyCoding/build.clang'
make[2]: Entering directory `/home/videssa/bart/tmiv.m54152-OccupancyCoding/build.clang'
make[2]: Entering directory `/home/videssa/bart/tmiv.m54152-OccupancyCoding/build.clang'
make[2]: Entering directory `/home/videssa/bart/tmiv.m54152-OccupancyCoding/build.clang'
make[2]: Leaving directory `/home/videssa/bart/tmiv.m54152-OccupancyCoding/build.clang'
[ 64%] Building CXX object MivBitstream/CMakeFiles/MivBitstreamTest.dir/src/AccessUnitDelimiterRBSP.test.cpp.o
[ 64%] Building CXX object ViewingSpace/CMakeFiles/ViewingSpaceTest.dir/src/ViewingSpace.test.cpp.o
[ 64%] Building CXX object MivBitstream/CMakeFiles/MivBitstreamTest.dir/src/AtlasFrameParameterSetRBSP.test.cpp.o
[ 65%] Building CXX object MivBitstream/CMakeFiles/MivBitstreamTest.dir/src/AtlasTileLayerRBSP.test.cpp.o
make[2]: Entering directory `/home/videssa/bart/tmiv.m54152-OccupancyCoding/build.clang'
make[2]: Leaving directory `/home/videssa/bart/tmiv.m54152-OccupancyCoding/build.clang'
[ 68%] Building CXX object MivBitstream/CMakeFiles/MivBitstreamTest.dir/src/NalUnit.test.cpp.o
[ 68%] Building CXX object MivBitstream/CMakeFiles/MivBitstreamTest.dir/src/ViewingSpace.test.cpp.o
[ 68%] Building CXX object MivBitstream/CMakeFiles/MivBitstreamTest.dir/src/CommonAtlasFrameRBSP.test.cpp.o
[ 69%] Building CXX object MivBitstream/CMakeFiles/MivBitstreamTest.dir/src/VuiParameters.test.cpp.o
[ 69%] Building CXX object MivBitstream/CMakeFiles/MivBitstreamTest.dir/src/RecViewport.test.cpp.o
[ 69%] Building CXX object MivBitstream/CMakeFiles/MivBitstreamTest.dir/src/AtlasAdaptationParameterSetRBSP.test.cpp.o
[ 69%] Building CXX object MivBitstream/CMakeFiles/MivBitstreamTest.dir/src/AtlasSequenceParameterSetRBSP.test.cpp.o
[ 70%] Building CXX object MivBitstream/CMakeFiles/MivBitstreamTest.dir/src/NalSampleStreamFormat.test.cpp.o
[ 70%] Building CXX object MivBitstream/CMakeFiles/MivBitstreamTest.dir/src/test.cpp.o
[ 72%] Building CXX object MivBitstream/CMakeFiles/MivBitstreamTest.dir/src/V3cParameterSet.test.cpp.o
[ 72%] Building CXX object GeometryQuantizer/CMakeFiles/GeometryQuantizerTest.dir/src/GeometryQuantizer.test.cpp.o
[ 72%] Building CXX object MivBitstream/CMakeFiles/MivBitstreamTest.dir/src/SeiRBSP.test.cpp.o
[ 72%] Building CXX object MivBitstream/CMakeFiles/MivBitstreamTest.dir/src/V3cUnit.test.cpp.o
[ 73%] Building CXX object MivBitstream/CMakeFiles/MivBitstreamTest.dir/src/ViewingSpaceHandling.test.cpp.o
[ 73%] Built target VideoDecoder
[ 78%] Built target DecoderLib
make[2]: Entering directory `/home/videssa/bart/tmiv.m54152-OccupancyCoding/build.clang'
make[2]: Leaving directory `/home/videssa/bart/tmiv.m54152-OccupancyCoding/build.clang'
[ 83%] Built target RendererLib
make[2]: Entering directory `/home/videssa/bart/tmiv.m54152-OccupancyCoding/build.clang'
make[2]: Entering directory `/home/videssa/bart/tmiv.m54152-OccupancyCoding/build.clang'
make[2]: Entering directory `/home/videssa/bart/tmiv.m54152-OccupancyCoding/build.clang'
make[2]: Entering directory `/home/videssa/bart/tmiv.m54152-OccupancyCoding/build.clang'
make[2]: Entering directory `/home/videssa/bart/tmiv.m54152-OccupancyCoding/build.clang'
make[2]: Leaving directory `/home/videssa/bart/tmiv.m54152-OccupancyCoding/build.clang'
make[2]: Leaving directory `/home/videssa/bart/tmiv.m54152-OccupancyCoding/build.clang'
make[2]: Leaving directory `/home/videssa/bart/tmiv.m54152-OccupancyCoding/build.clang'
make[2]: Leaving directory `/home/videssa/bart/tmiv.m54152-OccupancyCoding/build.clang'
[ 84%] Built target DepthQualityAssessorLib
[ 85%] Built target IOLib
[ 85%] Built target PrunerLib
Scanning dependencies of target RendererTest
make[2]: Leaving directory `/home/videssa/bart/tmiv.m54152-OccupancyCoding/build.clang'
make[2]: Entering directory `/home/videssa/bart/tmiv.m54152-OccupancyCoding/build.clang'
make[2]: Entering directory `/home/videssa/bart/tmiv.m54152-OccupancyCoding/build.clang'
[ 87%] Built target ViewOptimizerLib
make[2]: Leaving directory `/home/videssa/bart/tmiv.m54152-OccupancyCoding/build.clang'
make[2]: Entering directory `/home/videssa/bart/tmiv.m54152-OccupancyCoding/build.clang'
make[2]: Leaving directory `/home/videssa/bart/tmiv.m54152-OccupancyCoding/build.clang'
make[2]: Entering directory `/home/videssa/bart/tmiv.m54152-OccupancyCoding/build.clang'
[ 88%] Built target Multiplexer
make[2]: Leaving directory `/home/videssa/bart/tmiv.m54152-OccupancyCoding/build.clang'
[ 90%] Built target Decoder
[ 95%] Built target EncoderLib
[ 96%] Building CXX object Renderer/CMakeFiles/RendererTest.dir/src/Renderer.test.cpp.o
make[2]: Entering directory `/home/videssa/bart/tmiv.m54152-OccupancyCoding/build.clang'
make[2]: Leaving directory `/home/videssa/bart/tmiv.m54152-OccupancyCoding/build.clang'
[ 98%] Built target Encoder
[ 98%] Linking CXX executable MivBitstreamTest
[ 99%] Linking CXX executable ViewingSpaceTest
[100%] Linking CXX executable GeometryQuantizerTest
make[2]: Leaving directory `/home/videssa/bart/tmiv.m54152-OccupancyCoding/build.clang'
[100%] Built target MivBitstreamTest
[100%] Linking CXX executable CommonTest
make[2]: Leaving directory `/home/videssa/bart/tmiv.m54152-OccupancyCoding/build.clang'
[100%] Built target ViewingSpaceTest
make[2]: Leaving directory `/home/videssa/bart/tmiv.m54152-OccupancyCoding/build.clang'
[100%] Built target GeometryQuantizerTest
make[2]: Leaving directory `/home/videssa/bart/tmiv.m54152-OccupancyCoding/build.clang'
[100%] Built target CommonTest
[100%] Linking CXX executable RendererTest
make[2]: Leaving directory `/home/videssa/bart/tmiv.m54152-OccupancyCoding/build.clang'
[100%] Built target RendererTest
make[1]: Leaving directory `/home/videssa/bart/tmiv.m54152-OccupancyCoding/build.clang'
Running tests...
Test project /home/videssa/bart/tmiv.m54152-OccupancyCoding/build.clang
      Start  1: Bitstream primitives
 1/65 Test  #1: Bitstream primitives .........................................   Passed    0.04 sec
      Start  2: Quanternion<T>
 2/65 Test  #2: Quanternion<T> ...............................................   Passed    0.04 sec
      Start  3: Array, Vector, Matrix, LinAlg
 3/65 Test  #3: Array, Vector, Matrix, LinAlg ................................   Passed    0.04 sec
      Start  4: Reading a Json
 4/65 Test  #4: Reading a Json ...............................................   Passed    0.03 sec
      Start  5: Parsing the command-line
 5/65 Test  #5: Parsing the command-line .....................................   Passed    0.03 sec
      Start  6: Converting floating point to integer
 6/65 Test  #6: Converting floating point to integer .........................   Passed    0.03 sec
      Start  7: Assignment of fixed size matrix N x 1 to fixed size vector
 7/65 Test  #7: Assignment of fixed size matrix N x 1 to fixed size vector ...   Passed    0.03 sec
      Start  8: Half
 8/65 Test  #8: Half .........................................................   Passed    0.04 sec
      Start  9: maxlevel
 9/65 Test  #9: maxlevel .....................................................   Passed    0.03 sec
      Start 10: expandValue
10/65 Test #10: expandValue ..................................................   Passed    0.03 sec
      Start 11: quantizeValue
11/65 Test #11: quantizeValue ................................................   Passed    0.03 sec
      Start 12: format
12/65 Test #12: format .......................................................   Passed    0.03 sec
      Start 13: access_unit_delimiter_rbsp
13/65 Test #13: access_unit_delimiter_rbsp ...................................   Passed    0.05 sec
      Start 14: atlas_adaptation_parameter_set_rbsp
14/65 Test #14: atlas_adaptation_parameter_set_rbsp ..........................   Passed    0.06 sec
      Start 15: atlas_frame_tile_information
15/65 Test #15: atlas_frame_tile_information .................................   Passed    0.08 sec
      Start 16: atlas_frame_parameter_set_rbsp
16/65 Test #16: atlas_frame_parameter_set_rbsp ...............................   Passed    0.05 sec
      Start 17: ref_list_struct
17/65 Test #17: ref_list_struct ..............................................   Passed    0.05 sec
      Start 18: asps_vpcc_extension
18/65 Test #18: asps_vpcc_extension ..........................................   Passed    0.04 sec
      Start 19: atlas_sequence_parameter_set_rbsp
19/65 Test #19: atlas_sequence_parameter_set_rbsp ............................   Passed    0.04 sec
      Start 20: atlas_tile_header
20/65 Test #20: atlas_tile_header ............................................   Passed    0.04 sec
      Start 21: skip_patch_data_unit
21/65 Test #21: skip_patch_data_unit .........................................   Passed    0.04 sec
      Start 22: patch_data_unit
22/65 Test #22: patch_data_unit ..............................................   Passed    0.04 sec
      Start 23: patch_information_data
23/65 Test #23: patch_information_data .......................................   Passed    0.04 sec
      Start 24: atlas_tile_data_unit
24/65 Test #24: atlas_tile_data_unit .........................................   Passed    0.05 sec
      Start 25: atlas_tile_layer_rbsp
25/65 Test #25: atlas_tile_layer_rbsp ........................................   Passed    0.05 sec
      Start 26: camera_intrinsics
26/65 Test #26: camera_intrinsics ............................................   Passed    0.05 sec
      Start 27: camera_extrinsics
27/65 Test #27: camera_extrinsics ............................................   Passed    0.04 sec
      Start 28: depth_quantization
28/65 Test #28: depth_quantization ...........................................   Passed    0.04 sec
      Start 29: pruning_parent
29/65 Test #29: pruning_parent ...............................................   Passed    0.04 sec
      Start 30: miv_view_params_list
30/65 Test #30: miv_view_params_list .........................................   Passed    0.05 sec
      Start 31: common_atlas_frame_rbsp
31/65 Test #31: common_atlas_frame_rbsp ......................................   Passed    0.05 sec
      Start 32: miv_view_params_update_extrinsics
32/65 Test #32: miv_view_params_update_extrinsics ............................   Passed    0.05 sec
      Start 33: miv_view_params_update_intrinsics
33/65 Test #33: miv_view_params_update_intrinsics ............................   Passed    0.05 sec
      Start 34: miv_view_params_update_depth_quantization
34/65 Test #34: miv_view_params_update_depth_quantization ....................   Passed    0.05 sec
      Start 35: coordinate_axis_system_params
35/65 Test #35: coordinate_axis_system_params ................................   Passed    0.05 sec
      Start 36: vui_parameters
36/65 Test #36: vui_parameters ...............................................   Passed    0.04 sec
      Start 37: sample_stream_nal_header
37/65 Test #37: sample_stream_nal_header .....................................   Passed    0.05 sec
      Start 38: sample_stream_nal_unit
38/65 Test #38: sample_stream_nal_unit .......................................   Passed    0.05 sec
      Start 39: NAL sample stream format
39/65 Test #39: NAL sample stream format .....................................   Passed    0.05 sec
      Start 40: nal_unit_header
40/65 Test #40: nal_unit_header ..............................................   Passed    0.04 sec
      Start 41: nal_unit
41/65 Test #41: nal_unit .....................................................   Passed    0.04 sec
      Start 42: rec_viewport
42/65 Test #42: rec_viewport .................................................   Passed    0.04 sec
      Start 43: PayloadType
43/65 Test #43: PayloadType ..................................................   Passed    0.04 sec
      Start 44: sei_message
44/65 Test #44: sei_message ..................................................   Passed    0.04 sec
      Start 45: sei_rbsp
45/65 Test #45: sei_rbsp .....................................................   Passed    0.05 sec
      Start 46: Viewing space coding
46/65 Test #46: Viewing space coding .........................................   Passed    0.04 sec
      Start 47: Viewing space JSON
47/65 Test #47: Viewing space JSON ...........................................   Passed    0.05 sec
      Start 48: viewing_space_handling
48/65 Test #48: viewing_space_handling .......................................   Passed    0.04 sec
      Start 49: profile_tier_level
49/65 Test #49: profile_tier_level ...........................................   Passed    0.04 sec
      Start 50: occupancy_information
50/65 Test #50: occupancy_information ........................................   Passed    0.04 sec
      Start 51: geometry_information
51/65 Test #51: geometry_information .........................................   Passed    0.04 sec
      Start 52: attribute_information
52/65 Test #52: attribute_information ........................................   Passed    0.04 sec
      Start 53: v3c_parameter_set
53/65 Test #53: v3c_parameter_set ............................................   Passed    0.04 sec
      Start 54: v3c_unit_header
54/65 Test #54: v3c_unit_header ..............................................   Passed    0.04 sec
      Start 55: v3c_unit_payload
55/65 Test #55: v3c_unit_payload .............................................   Passed    0.04 sec
      Start 56: v3c_unit
56/65 Test #56: v3c_unit .....................................................   Passed    0.04 sec
      Start 57: Scenario: Geometry quantization
57/65 Test #57: Scenario: Geometry quantization ..............................***Failed    0.06 sec
      Start 58: Changing the reference frame
58/65 Test #58: Changing the reference frame .................................   Passed    0.04 sec
      Start 59: Scenario: Pixel can be blended
59/65 Test #59: Scenario: Pixel can be blended ...............................   Passed    0.04 sec
      Start 60: Scenario: Reprojecting points
60/65 Test #60: Scenario: Reprojecting points ................................   Passed    0.07 sec
      Start 61: Scenario: Rastering meshes with 16-bit color as attribute
61/65 Test #61: Scenario: Rastering meshes with 16-bit color as attribute ....   Passed    0.04 sec
      Start 62: Scenario: Rastering meshes with Vec2f as attribute
62/65 Test #62: Scenario: Rastering meshes with Vec2f as attribute ...........   Passed    0.04 sec
      Start 63: Engine<orthographic>
63/65 Test #63: Engine<orthographic> .........................................   Passed    0.04 sec
      Start 64: Signed distance functions
64/65 Test #64: Signed distance functions ....................................   Passed    0.04 sec
      Start 65: Viewing space evaluation
65/65 Test #65: Viewing space evaluation .....................................   Passed    0.04 sec

98% tests passed, 1 tests failed out of 65

Total Test time (real) =   2.92 sec

The following tests FAILED:
	 57 - Scenario: Geometry quantization (Failed)
Errors while running CTest
make: *** [test] Error 8
make: Leaving directory `/home/videssa/bart/tmiv.m54152-OccupancyCoding/build.clang'
